d:\users\jordno\documents\in2026 coursework code\vc\asteroids\debug\vc140.pdb
d:\users\jordno\documents\in2026 coursework code\vc\asteroids\debug\vc140.idb
d:\users\jordno\documents\in2026 coursework code\vc\asteroids\debug\asteroid.obj
d:\users\jordno\documents\in2026 coursework code\vc\asteroids\debug\asteroids.obj
d:\users\jordno\documents\in2026 coursework code\vc\asteroids\debug\bullet.obj
d:\users\jordno\documents\in2026 coursework code\vc\asteroids\debug\alien.obj
d:\users\jordno\documents\in2026 coursework code\vc\asteroids\debug\enemybullet.obj
d:\users\jordno\documents\in2026 coursework code\vc\asteroids\debug\explosion.obj
d:\users\jordno\documents\in2026 coursework code\vc\asteroids\debug\main.obj
d:\users\jordno\documents\in2026 coursework code\vc\asteroids\debug\power.obj
d:\users\jordno\documents\in2026 coursework code\vc\asteroids\debug\spaceship.obj
d:\users\jordno\documents\in2026 coursework code\bin\asteroids.ilk
d:\users\jordno\documents\in2026 coursework code\bin\asteroids.exe
d:\users\jordno\documents\in2026 coursework code\vc\asteroids\debug\asteroids.pdb
d:\users\jordno\documents\in2026 coursework code\vc\asteroids\..\..\bin\asteroids.exe
d:\users\jordno\documents\in2026 coursework code\vc\asteroids\debug\asteroids.tlog\cl.command.1.tlog
d:\users\jordno\documents\in2026 coursework code\vc\asteroids\debug\asteroids.tlog\cl.read.1.tlog
d:\users\jordno\documents\in2026 coursework code\vc\asteroids\debug\asteroids.tlog\cl.write.1.tlog
d:\users\jordno\documents\in2026 coursework code\vc\asteroids\debug\asteroids.tlog\link.command.1.tlog
d:\users\jordno\documents\in2026 coursework code\vc\asteroids\debug\asteroids.tlog\link.read.1.tlog
d:\users\jordno\documents\in2026 coursework code\vc\asteroids\debug\asteroids.tlog\link.write.1.tlog
