Build started 05/04/2016 22:43:40.
     1>Project "D:\Users\Jordno\Documents\IN2026 Coursework Code\VC\Asteroids\Asteroids.vcxproj" on node 2 (Build target(s)).
     1>ClCompile:
         D:\Visual Studio\VC\bin\CL.exe /c /I../../include /ZI /nologo /W3 /WX- /Od /Oy- /D WIN32 /D _DEBUG /D _CONSOLE /D _VC80_UPGRADE=0x0710 /D _MBCS /Gm /EHsc /RTC1 /MTd /GS /fp:precise /Zc:wchar_t /Zc:forScope /Zc:inline /Fo"Debug\\" /Fd"Debug\vc140.pdb" /Gd /TP /analyze- /errorReport:prompt ..\..\SRC\Asteroid.cpp ..\..\src\Asteroids.cpp ..\..\src\Bullet.cpp ..\..\SRC\Alien.cpp ..\..\SRC\EnemyBullet.cpp ..\..\SRC\Explosion.cpp ..\..\src\main.cpp ..\..\SRC\Power.cpp ..\..\src\Spaceship.cpp
         Spaceship.cpp
         Power.cpp
         main.cpp
         Explosion.cpp
         EnemyBullet.cpp
         Alien.cpp
         Bullet.cpp
         Asteroids.cpp
         Asteroid.cpp
         Generating Code...
       Link:
         D:\Visual Studio\VC\bin\link.exe /ERRORREPORT:PROMPT /OUT:"..\..\bin\Asteroids.exe" /INCREMENTAL /NOLOGO /LIBPATH:../../lib /LIBPATH:"../Game Engine/Debug" opengl32.lib glu32.lib glut32.lib kernel32.lib user32.lib gdi32.lib winspool.lib comdlg32.lib advapi32.lib shell32.lib ole32.lib oleaut32.lib uuid.lib odbc32.lib odbccp32.lib /MANIFEST /MANIFESTUAC:"level='asInvoker' uiAccess='false'" /manifest:embed /Debug /PDB:"Debug\Asteroids.pdb" /SUBSYSTEM:CONSOLE /TLBID:1 /DYNAMICBASE:NO /IMPLIB:"..\..\bin\Asteroids.lib" /MACHINE:X86 /SAFESEH Debug\Asteroid.obj
         Debug\Asteroids.obj
         Debug\Bullet.obj
         Debug\Alien.obj
         Debug\EnemyBullet.obj
         Debug\Explosion.obj
         Debug\main.obj
         Debug\Power.obj
         Debug\Spaceship.obj
         "D:\Users\Jordno\Documents\IN2026 Coursework Code\lib\Engine.lib"
     1>Asteroid.obj : warning LNK4075: ignoring '/EDITANDCONTINUE' due to '/SAFESEH' specification
         Asteroids.vcxproj -> D:\Users\Jordno\Documents\IN2026 Coursework Code\VC\Asteroids\..\..\bin\Asteroids.exe
       PostBuildEvent:
         copy ..\..\assets\*.* ..\..\bin
         :VCEnd
         ..\..\assets\asteroid.shape
         ..\..\assets\asteroid1_fs.png
         ..\..\assets\bullet.shape
         ..\..\assets\explosion_fs.png
         ..\..\assets\spaceship.shape
         ..\..\assets\spaceship_fs.png
         ..\..\assets\thruster.shape
                 7 file(s) copied.
     1>Done Building Project "D:\Users\Jordno\Documents\IN2026 Coursework Code\VC\Asteroids\Asteroids.vcxproj" (Build target(s)).

Build succeeded.

Time Elapsed 00:00:13.40
